28/10/2023 10:21:34 PM: INFO: demologger: ***********Test_001_Login**********
28/10/2023 10:21:34 PM: INFO: demologger: *************verifying Home Page Title***************
28/10/2023 10:21:36 PM: INFO: demologger: *****************Home Page Title test is Passed********************
28/10/2023 10:21:42 PM: INFO: demologger: *****************verifying test login********************
28/10/2023 10:21:48 PM: INFO: demologger: *****************test login is passed********************
28/10/2023 10:29:35 PM: INFO: demologger: ***********Test_001_Login**********
28/10/2023 10:29:35 PM: INFO: demologger: *************verifying Home Page Title***************
28/10/2023 10:29:38 PM: INFO: demologger: *****************Home Page Title test is Passed********************
28/10/2023 10:29:43 PM: INFO: demologger: *****************verifying test login********************
28/10/2023 10:29:51 PM: INFO: demologger: *****************test login is passed********************
28/10/2023 10:31:30 PM: INFO: demologger: ***********Test_001_Login**********
28/10/2023 10:31:30 PM: INFO: demologger: *************verifying Home Page Title***************
28/10/2023 10:31:33 PM: INFO: demologger: *****************Home Page Title test is Passed********************
28/10/2023 10:31:34 PM: INFO: demologger: *****************verifying test login********************
28/10/2023 10:31:43 PM: INFO: demologger: *****************test login is passed********************
28/10/2023 10:32:58 PM: INFO: demologger: ***********Test_001_Login**********
28/10/2023 10:32:58 PM: INFO: demologger: *************verifying Home Page Title***************
28/10/2023 10:33:00 PM: INFO: demologger: *****************Home Page Title test is Passed********************
28/10/2023 10:33:02 PM: INFO: demologger: *****************verifying test login********************
28/10/2023 10:33:09 PM: INFO: demologger: *****************test login is passed********************
28/10/2023 10:50:23 PM: INFO: demologger: ***********Test_001_Login**********
28/10/2023 10:50:23 PM: INFO: demologger: *************verifying Home Page Title***************
28/10/2023 10:50:26 PM: INFO: demologger: *****************verifying test login********************
28/10/2023 10:51:38 PM: INFO: demologger: ***********Test_001_Login**********
28/10/2023 10:51:38 PM: INFO: demologger: *************verifying Home Page Title***************
28/10/2023 10:51:40 PM: INFO: demologger: *****************Home Page Title test is Passed********************
28/10/2023 10:51:42 PM: INFO: demologger: *****************verifying test login********************
28/10/2023 10:51:50 PM: INFO: demologger: *****************test login is passed********************
28/10/2023 10:53:03 PM: INFO: demologger: ***********Test_001_Login**********
28/10/2023 10:53:03 PM: INFO: demologger: *************verifying Home Page Title***************
28/10/2023 10:53:07 PM: INFO: demologger: *****************Home Page Title test is Passed********************
28/10/2023 10:53:19 PM: INFO: demologger: *****************verifying test login********************
28/10/2023 10:54:04 PM: INFO: demologger: ***********Test_001_Login**********
28/10/2023 10:54:04 PM: INFO: demologger: *************verifying Home Page Title***************
28/10/2023 10:54:08 PM: INFO: demologger: *****************Home Page Title test is Passed********************
28/10/2023 10:54:17 PM: INFO: demologger: *****************verifying test login********************
28/10/2023 10:54:27 PM: INFO: demologger: *****************test login is passed********************
28/10/2023 11:07:31 PM: INFO: demologger: ***********Test_001_Login**********
28/10/2023 11:07:31 PM: INFO: demologger: *************verifying Home Page Title***************
28/10/2023 11:10:51 PM: INFO: demologger: ***********Test_001_Login**********
28/10/2023 11:10:51 PM: INFO: demologger: *************verifying Home Page Title***************
28/10/2023 11:13:46 PM: INFO: demologger: ***********Test_001_Login**********
28/10/2023 11:13:46 PM: INFO: demologger: *************verifying Home Page Title***************
28/10/2023 11:18:49 PM: INFO: demologger: *****************verifying test login********************
28/10/2023 11:29:30 PM: INFO: demologger: ***********Test_001_Login**********
28/10/2023 11:29:30 PM: INFO: demologger: *************verifying Home Page Title***************
28/10/2023 11:29:32 PM: INFO: demologger: *****************Home Page Title test is Passed********************
28/10/2023 11:29:35 PM: INFO: demologger: *****************verifying test login********************
28/10/2023 11:29:42 PM: INFO: demologger: *****************test login is passed********************
28/10/2023 11:31:01 PM: INFO: demologger: ***********Test_001_Login**********
28/10/2023 11:31:01 PM: INFO: demologger: *************verifying Home Page Title***************
28/10/2023 11:35:52 PM: INFO: demologger: ***********Test_001_Login**********
28/10/2023 11:35:52 PM: INFO: demologger: *************verifying Home Page Title***************
28/10/2023 11:35:55 PM: INFO: demologger: *****************Home Page Title test is Passed********************
28/10/2023 11:35:56 PM: INFO: demologger: *****************verifying test login********************
28/10/2023 11:36:04 PM: INFO: demologger: *****************test login is passed********************
29/10/2023 03:45:59 PM: INFO: demologger: ***********Test_001_Login**********
29/10/2023 03:45:59 PM: INFO: demologger: *************verifying Home Page Title***************
29/10/2023 03:46:02 PM: INFO: demologger: *****************Home Page Title test is Passed********************
29/10/2023 03:46:09 PM: INFO: demologger: *****************verifying test login********************
29/10/2023 03:46:16 PM: INFO: demologger: *****************test login is passed********************
29/10/2023 03:52:33 PM: INFO: demologger: ***********Test_001_Login**********
29/10/2023 03:52:33 PM: INFO: demologger: *************verifying Home Page Title***************
29/10/2023 03:52:37 PM: INFO: demologger: *****************Home Page Title test is Passed********************
29/10/2023 03:52:40 PM: INFO: demologger: *****************verifying test login********************
29/10/2023 03:52:49 PM: INFO: demologger: *****************test login is passed********************
29/10/2023 03:57:12 PM: INFO: demologger: ***********Test_001_Login**********
29/10/2023 03:57:12 PM: INFO: demologger: *************verifying Home Page Title***************
29/10/2023 03:57:16 PM: INFO: demologger: *****************Home Page Title test is Passed********************
29/10/2023 03:57:18 PM: INFO: demologger: *****************verifying test login********************
29/10/2023 03:57:30 PM: INFO: demologger: *****************test login is passed********************
29/10/2023 03:58:57 PM: INFO: demologger: ***********Test_001_Login**********
29/10/2023 03:58:57 PM: INFO: demologger: *************verifying Home Page Title***************
29/10/2023 03:59:00 PM: INFO: demologger: *****************Home Page Title test is Passed********************
29/10/2023 03:59:02 PM: INFO: demologger: *****************verifying test login********************
29/10/2023 03:59:10 PM: INFO: demologger: *****************test login is passed********************
29/10/2023 04:04:48 PM: INFO: demologger: ***********Test_001_Login**********
29/10/2023 04:04:48 PM: INFO: demologger: *************verifying Home Page Title***************
29/10/2023 04:04:53 PM: INFO: demologger: *****************Home Page Title test is Passed********************
29/10/2023 04:04:55 PM: INFO: demologger: *****************verifying test login********************
29/10/2023 04:05:05 PM: INFO: demologger: *****************test login is passed********************
29/10/2023 04:11:14 PM: INFO: demologger: ***********Test_001_Login**********
29/10/2023 04:11:14 PM: INFO: demologger: *************verifying Home Page Title***************
29/10/2023 04:11:16 PM: INFO: demologger: *****************Home Page Title test is Passed********************
29/10/2023 04:11:18 PM: INFO: demologger: *****************verifying test login********************
29/10/2023 04:11:26 PM: INFO: demologger: *****************test login is passed********************
29/10/2023 05:44:13 PM: INFO: demologger: *****************Test_002_DDT_Login********************
29/10/2023 05:44:13 PM: INFO: demologger: *****************verifying test login ddt ********************
29/10/2023 05:44:26 PM: INFO: demologger: ******* test is passed************
29/10/2023 05:44:28 PM: INFO: demologger: ****** login ddt test is passed *************
29/10/2023 05:45:44 PM: INFO: demologger: *****************Test_002_DDT_Login********************
29/10/2023 05:45:44 PM: INFO: demologger: *****************verifying test login ddt ********************
29/10/2023 05:45:59 PM: INFO: demologger: ******* test is passed************
29/10/2023 05:46:01 PM: INFO: demologger: ****** login ddt test is passed *************
29/10/2023 05:49:42 PM: INFO: demologger: *****************Test_002_DDT_Login********************
29/10/2023 05:49:42 PM: INFO: demologger: *****************verifying test login ddt ********************
29/10/2023 05:50:01 PM: INFO: demologger: *****************Test_002_DDT_Login********************
29/10/2023 05:50:01 PM: INFO: demologger: *****************verifying test login ddt ********************
29/10/2023 05:50:11 PM: INFO: demologger: ******* test is passed************
29/10/2023 05:50:19 PM: INFO: demologger: ********** passed *************
29/10/2023 05:50:25 PM: INFO: demologger: ********** passed *************
29/10/2023 05:50:31 PM: INFO: demologger: ********** passed *************
29/10/2023 05:50:31 PM: INFO: demologger: ****** login ddt test is passed *************
29/10/2023 05:50:32 PM: INFO: demologger: ************ End of login ddt test **********
29/10/2023 05:50:32 PM: INFO: demologger: ************** Completed Test_002_DDT_Login ********************
30/10/2023 05:58:01 PM: INFO: demologger: ***************** Test_003_addcustomer **********************
30/10/2023 06:00:57 PM: INFO: demologger: ********* login successful *************
30/10/2023 06:00:57 PM: INFO: demologger: ************* starting add customer test *******************
30/10/2023 06:02:59 PM: INFO: demologger: ***************** Test_003_addcustomer **********************
30/10/2023 06:03:26 PM: INFO: demologger: ********* login successful *************
30/10/2023 06:03:26 PM: INFO: demologger: ************* starting add customer test *******************
30/10/2023 06:05:24 PM: INFO: demologger: ***************** Test_003_addcustomer **********************
30/10/2023 06:06:53 PM: INFO: demologger: ********* login successful *************
30/10/2023 06:06:53 PM: INFO: demologger: ************* starting add customer test *******************
30/10/2023 06:07:55 PM: INFO: demologger: ************ providing customer info ********************
30/10/2023 06:10:14 PM: INFO: demologger: ***************** Test_003_addcustomer **********************
30/10/2023 06:10:21 PM: INFO: demologger: ********* login successful *************
30/10/2023 06:10:21 PM: INFO: demologger: ************* starting add customer test *******************
30/10/2023 06:10:27 PM: INFO: demologger: ************ providing customer info ********************
30/10/2023 06:10:40 PM: INFO: demologger: ************* saving customer info ********************
30/10/2023 06:10:40 PM: INFO: demologger: **************** add customer validation started *********************
30/10/2023 06:10:41 PM: INFO: demologger: ****** add customer test passed **********
30/10/2023 06:10:42 PM: INFO: demologger: ************** ending home page title test ***********************
30/10/2023 06:10:58 PM: INFO: demologger: ***************** Test_003_addcustomer **********************
30/10/2023 06:11:05 PM: INFO: demologger: ********* login successful *************
30/10/2023 06:11:05 PM: INFO: demologger: ************* starting add customer test *******************
30/10/2023 06:11:10 PM: INFO: demologger: ************ providing customer info ********************
30/10/2023 06:11:23 PM: INFO: demologger: ************* saving customer info ********************
30/10/2023 06:11:23 PM: INFO: demologger: **************** add customer validation started *********************
30/10/2023 06:11:23 PM: INFO: demologger: ****** add customer test passed **********
30/10/2023 06:11:24 PM: INFO: demologger: ************** ending home page title test ***********************
30/10/2023 06:11:56 PM: INFO: demologger: ***************** Test_003_addcustomer **********************
30/10/2023 06:12:05 PM: INFO: demologger: ********* login successful *************
30/10/2023 06:12:05 PM: INFO: demologger: ************* starting add customer test *******************
30/10/2023 06:12:12 PM: INFO: demologger: ************ providing customer info ********************
30/10/2023 06:13:22 PM: INFO: demologger: ***************** Test_003_addcustomer **********************
30/10/2023 06:13:29 PM: INFO: demologger: ********* login successful *************
30/10/2023 06:13:29 PM: INFO: demologger: ************* starting add customer test *******************
30/10/2023 06:13:35 PM: INFO: demologger: ************ providing customer info ********************
30/10/2023 06:13:38 PM: INFO: demologger: ************* saving customer info ********************
30/10/2023 06:13:38 PM: INFO: demologger: **************** add customer validation started *********************
30/10/2023 06:13:38 PM: INFO: demologger: ****** add customer test passed **********
30/10/2023 06:13:39 PM: INFO: demologger: ************** ending home page title test ***********************
30/10/2023 06:18:13 PM: INFO: demologger: ***************** Test_003_addcustomer **********************
30/10/2023 06:18:23 PM: INFO: demologger: ********* login successful *************
30/10/2023 06:18:23 PM: INFO: demologger: ************* starting add customer test *******************
30/10/2023 06:18:29 PM: INFO: demologger: ************ providing customer info ********************
30/10/2023 06:18:41 PM: INFO: demologger: ************* saving customer info ********************
30/10/2023 06:18:41 PM: INFO: demologger: **************** add customer validation started *********************
30/10/2023 06:18:42 PM: INFO: demologger: ****** add customer test passed **********
30/10/2023 06:18:42 PM: INFO: demologger: ************** ending home page title test ***********************
30/10/2023 06:21:11 PM: INFO: demologger: ***************** Test_003_addcustomer **********************
30/10/2023 06:21:20 PM: INFO: demologger: ********* login successful *************
30/10/2023 06:21:20 PM: INFO: demologger: ************* starting add customer test *******************
30/10/2023 06:21:25 PM: INFO: demologger: ************ providing customer info ********************
30/10/2023 06:21:37 PM: INFO: demologger: ************* saving customer info ********************
30/10/2023 06:21:37 PM: INFO: demologger: **************** add customer validation started *********************
30/10/2023 06:21:38 PM: INFO: demologger: ****** add customer test passed **********
30/10/2023 06:21:38 PM: INFO: demologger: ************** ending home page title test ***********************
30/10/2023 06:22:55 PM: INFO: demologger: ***************** Test_003_addcustomer **********************
30/10/2023 06:23:02 PM: INFO: demologger: ********* login successful *************
30/10/2023 06:23:02 PM: INFO: demologger: ************* starting add customer test *******************
30/10/2023 06:23:07 PM: INFO: demologger: ************ providing customer info ********************
30/10/2023 06:24:17 PM: INFO: demologger: ***************** Test_003_addcustomer **********************
30/10/2023 06:24:26 PM: INFO: demologger: ********* login successful *************
30/10/2023 06:24:26 PM: INFO: demologger: ************* starting add customer test *******************
30/10/2023 06:24:31 PM: INFO: demologger: ************ providing customer info ********************
30/10/2023 06:25:50 PM: INFO: demologger: ***************** Test_003_addcustomer **********************
30/10/2023 06:25:59 PM: INFO: demologger: ********* login successful *************
30/10/2023 06:25:59 PM: INFO: demologger: ************* starting add customer test *******************
30/10/2023 06:26:04 PM: INFO: demologger: ************ providing customer info ********************
30/10/2023 06:26:15 PM: INFO: demologger: ************* saving customer info ********************
30/10/2023 06:26:15 PM: INFO: demologger: **************** add customer validation started *********************
30/10/2023 06:26:16 PM: INFO: demologger: ****** add customer test passed **********
30/10/2023 06:26:17 PM: INFO: demologger: ************** ending home page title test ***********************
02/11/2023 04:47:28 PM: INFO: demologger: ***************** Test_003_addcustomer **********************
02/11/2023 04:47:37 PM: INFO: demologger: ********* login successful *************
02/11/2023 04:47:37 PM: INFO: demologger: ************* starting add customer test *******************
02/11/2023 04:47:41 PM: INFO: demologger: ************ providing customer info ********************
02/11/2023 04:47:50 PM: INFO: demologger: ************* saving customer info ********************
02/11/2023 04:47:50 PM: INFO: demologger: **************** add customer validation started *********************
02/11/2023 04:47:51 PM: ERROR: demologger: ***********add customer test failed **********
02/11/2023 04:49:24 PM: INFO: demologger: ***************** Test_003_addcustomer **********************
02/11/2023 04:49:30 PM: INFO: demologger: ********* login successful *************
02/11/2023 04:49:30 PM: INFO: demologger: ************* starting add customer test *******************
02/11/2023 04:49:35 PM: INFO: demologger: ************ providing customer info ********************
02/11/2023 04:49:48 PM: INFO: demologger: ************* saving customer info ********************
02/11/2023 04:49:48 PM: INFO: demologger: **************** add customer validation started *********************
02/11/2023 04:49:49 PM: INFO: demologger: ****** add customer test passed **********
02/11/2023 04:49:49 PM: INFO: demologger: ************** ending home page title test ***********************
02/11/2023 04:50:35 PM: INFO: demologger: ***************** Test_003_addcustomer **********************
02/11/2023 04:50:44 PM: INFO: demologger: ********* login successful *************
02/11/2023 04:50:44 PM: INFO: demologger: ************* starting add customer test *******************
02/11/2023 04:50:48 PM: INFO: demologger: ************ providing customer info ********************
02/11/2023 04:51:01 PM: INFO: demologger: ************* saving customer info ********************
02/11/2023 04:51:01 PM: INFO: demologger: **************** add customer validation started *********************
02/11/2023 04:51:02 PM: INFO: demologger: ****** add customer test passed **********
02/11/2023 04:51:02 PM: INFO: demologger: ************** ending home page title test ***********************
02/11/2023 04:52:55 PM: INFO: demologger: ***************** Test_003_addcustomer **********************
02/11/2023 04:53:03 PM: INFO: demologger: ********* login successful *************
02/11/2023 04:53:03 PM: INFO: demologger: ************* starting add customer test *******************
02/11/2023 04:53:07 PM: INFO: demologger: ************ providing customer info ********************
02/11/2023 04:53:17 PM: INFO: demologger: ************* saving customer info ********************
02/11/2023 04:53:17 PM: INFO: demologger: **************** add customer validation started *********************
02/11/2023 04:53:17 PM: INFO: demologger: ****** add customer test passed **********
02/11/2023 04:53:17 PM: INFO: demologger: ************** ending home page title test ***********************
02/11/2023 04:57:53 PM: INFO: demologger: ***************** Test_003_addcustomer **********************
02/11/2023 04:58:10 PM: INFO: demologger: ***************** Test_003_addcustomer **********************
02/11/2023 04:58:17 PM: INFO: demologger: ********* login successful *************
02/11/2023 04:58:17 PM: INFO: demologger: ************* starting add customer test *******************
02/11/2023 04:58:21 PM: INFO: demologger: ************ providing customer info ********************
02/11/2023 04:58:31 PM: INFO: demologger: ************* saving customer info ********************
02/11/2023 04:58:31 PM: INFO: demologger: **************** add customer validation started *********************
02/11/2023 04:58:31 PM: INFO: demologger: ****** add customer test passed **********
02/11/2023 04:58:32 PM: INFO: demologger: ************** ending home page title test ***********************
02/11/2023 05:06:09 PM: INFO: demologger: ***************** Test_003_addcustomer **********************
02/11/2023 05:06:15 PM: INFO: demologger: ********* login successful *************
02/11/2023 05:06:15 PM: INFO: demologger: ************* starting add customer test *******************
02/11/2023 05:06:20 PM: INFO: demologger: ************ providing customer info ********************
02/11/2023 05:06:29 PM: INFO: demologger: ************* saving customer info ********************
02/11/2023 05:06:29 PM: INFO: demologger: **************** add customer validation started *********************
02/11/2023 05:06:30 PM: INFO: demologger: ****** add customer test passed **********
02/11/2023 05:06:30 PM: INFO: demologger: ************** ending home page title test ***********************
02/11/2023 05:07:30 PM: INFO: demologger: ***************** Test_003_addcustomer **********************
02/11/2023 05:07:41 PM: INFO: demologger: ********* login successful *************
02/11/2023 05:07:41 PM: INFO: demologger: ************* starting add customer test *******************
02/11/2023 05:07:45 PM: INFO: demologger: ************ providing customer info ********************
02/11/2023 05:07:56 PM: INFO: demologger: ************* saving customer info ********************
02/11/2023 05:07:56 PM: INFO: demologger: **************** add customer validation started *********************
02/11/2023 05:07:57 PM: INFO: demologger: ****** add customer test passed **********
02/11/2023 05:07:57 PM: INFO: demologger: ************** ending home page title test ***********************
02/11/2023 06:11:20 PM: INFO: demologger: ***************** Test_004_searchcustomerbyEmail **********************
02/11/2023 06:11:27 PM: INFO: demologger: ********* login successful *************
02/11/2023 06:11:27 PM: INFO: demologger: ************* starting search custmer by Email *******************
02/11/2023 06:11:30 PM: INFO: demologger: ************ search customer by email id ********************
02/11/2023 06:13:50 PM: INFO: demologger: ***************** Test_004_searchcustomerbyEmail **********************
02/11/2023 06:14:00 PM: INFO: demologger: ********* login successful *************
02/11/2023 06:14:00 PM: INFO: demologger: ************* starting search custmer by Email *******************
02/11/2023 06:14:03 PM: INFO: demologger: ************ search customer by email id ********************
02/11/2023 06:16:34 PM: INFO: demologger: ***************** Test_004_searchcustomerbyEmail **********************
02/11/2023 06:16:54 PM: INFO: demologger: ***************** Test_004_searchcustomerbyEmail **********************
02/11/2023 06:17:41 PM: INFO: demologger: ********* login successful *************
02/11/2023 06:17:41 PM: INFO: demologger: ************* starting search custmer by Email *******************
02/11/2023 06:17:52 PM: INFO: demologger: ************ search customer by email id ********************
02/11/2023 06:19:21 PM: INFO: demologger: ***************** Test_004_searchcustomerbyEmail **********************
02/11/2023 06:19:29 PM: INFO: demologger: ********* login successful *************
02/11/2023 06:19:29 PM: INFO: demologger: ************* starting search custmer by Email *******************
02/11/2023 06:19:31 PM: INFO: demologger: ************ search customer by email id ********************
02/11/2023 06:22:22 PM: INFO: demologger: ***************** Test_004_searchcustomerbyEmail **********************
02/11/2023 06:22:30 PM: INFO: demologger: ********* login successful *************
02/11/2023 06:22:30 PM: INFO: demologger: ************* starting search custmer by Email *******************
02/11/2023 06:22:32 PM: INFO: demologger: ************ search customer by email id ********************
02/11/2023 06:22:38 PM: INFO: demologger: ************* Test_004_searchcustomerbyEmail finished ************************ 
02/11/2023 06:33:25 PM: INFO: demologger: ***************** Test_005_searchcustomerbyName **********************
02/11/2023 06:33:35 PM: INFO: demologger: ********* login successful *************
02/11/2023 06:33:35 PM: INFO: demologger: ************* starting search custmer by name *******************
02/11/2023 06:33:39 PM: INFO: demologger: ************ search customer by name ********************
02/11/2023 06:33:44 PM: INFO: demologger: ************* Test_005_searchcustomerbyEmail finished ************************ 
03/11/2023 05:07:52 PM: INFO: demologger: ***************** Test_003_addcustomer **********************
03/11/2023 05:07:52 PM: INFO: demologger: ***************** Test_003_addcustomer **********************
03/11/2023 05:07:52 PM: INFO: demologger: ***************** Test_003_addcustomer **********************
03/11/2023 05:07:52 PM: INFO: demologger: ***************** Test_003_addcustomer **********************
03/11/2023 05:07:52 PM: INFO: demologger: ***************** Test_003_addcustomer **********************
03/11/2023 05:08:02 PM: INFO: demologger: ********* login successful *************
03/11/2023 05:08:02 PM: INFO: demologger: ********* login successful *************
03/11/2023 05:08:02 PM: INFO: demologger: ********* login successful *************
03/11/2023 05:08:02 PM: INFO: demologger: ********* login successful *************
03/11/2023 05:08:02 PM: INFO: demologger: ********* login successful *************
03/11/2023 05:08:02 PM: INFO: demologger: ************* starting add customer test *******************
03/11/2023 05:08:02 PM: INFO: demologger: ************* starting add customer test *******************
03/11/2023 05:08:02 PM: INFO: demologger: ************* starting add customer test *******************
03/11/2023 05:08:02 PM: INFO: demologger: ************* starting add customer test *******************
03/11/2023 05:08:02 PM: INFO: demologger: ************* starting add customer test *******************
03/11/2023 05:08:07 PM: INFO: demologger: ************ providing customer info ********************
03/11/2023 05:08:07 PM: INFO: demologger: ************ providing customer info ********************
03/11/2023 05:08:07 PM: INFO: demologger: ************ providing customer info ********************
03/11/2023 05:08:07 PM: INFO: demologger: ************ providing customer info ********************
03/11/2023 05:08:07 PM: INFO: demologger: ************ providing customer info ********************
03/11/2023 05:08:18 PM: INFO: demologger: ************* saving customer info ********************
03/11/2023 05:08:18 PM: INFO: demologger: ************* saving customer info ********************
03/11/2023 05:08:18 PM: INFO: demologger: ************* saving customer info ********************
03/11/2023 05:08:18 PM: INFO: demologger: ************* saving customer info ********************
03/11/2023 05:08:18 PM: INFO: demologger: ************* saving customer info ********************
03/11/2023 05:08:18 PM: INFO: demologger: **************** add customer validation started *********************
03/11/2023 05:08:18 PM: INFO: demologger: **************** add customer validation started *********************
03/11/2023 05:08:18 PM: INFO: demologger: **************** add customer validation started *********************
03/11/2023 05:08:18 PM: INFO: demologger: **************** add customer validation started *********************
03/11/2023 05:08:18 PM: INFO: demologger: **************** add customer validation started *********************
03/11/2023 05:08:18 PM: INFO: demologger: ****** add customer test passed **********
03/11/2023 05:08:18 PM: INFO: demologger: ****** add customer test passed **********
03/11/2023 05:08:18 PM: INFO: demologger: ****** add customer test passed **********
03/11/2023 05:08:18 PM: INFO: demologger: ****** add customer test passed **********
03/11/2023 05:08:18 PM: INFO: demologger: ****** add customer test passed **********
03/11/2023 05:08:19 PM: INFO: demologger: ************** ending home page title test ***********************
03/11/2023 05:08:19 PM: INFO: demologger: ************** ending home page title test ***********************
03/11/2023 05:08:19 PM: INFO: demologger: ************** ending home page title test ***********************
03/11/2023 05:08:19 PM: INFO: demologger: ************** ending home page title test ***********************
03/11/2023 05:08:19 PM: INFO: demologger: ************** ending home page title test ***********************
03/11/2023 05:08:21 PM: INFO: demologger: *****************verifying test login********************
03/11/2023 05:08:21 PM: INFO: demologger: *****************verifying test login********************
03/11/2023 05:08:21 PM: INFO: demologger: *****************verifying test login********************
03/11/2023 05:08:21 PM: INFO: demologger: *****************verifying test login********************
03/11/2023 05:08:21 PM: INFO: demologger: *****************verifying test login********************
03/11/2023 05:08:38 PM: INFO: demologger: *****************test login is passed********************
03/11/2023 05:08:38 PM: INFO: demologger: *****************test login is passed********************
03/11/2023 05:08:38 PM: INFO: demologger: *****************test login is passed********************
03/11/2023 05:08:38 PM: INFO: demologger: *****************test login is passed********************
03/11/2023 05:08:38 PM: INFO: demologger: *****************test login is passed********************
03/11/2023 05:48:06 PM: INFO: demologger: ***************** Test_003_addcustomer **********************
03/11/2023 05:48:06 PM: INFO: demologger: ***************** Test_003_addcustomer **********************
03/11/2023 05:48:06 PM: INFO: demologger: ***************** Test_003_addcustomer **********************
03/11/2023 05:48:06 PM: INFO: demologger: ***************** Test_003_addcustomer **********************
03/11/2023 05:48:06 PM: INFO: demologger: ***************** Test_003_addcustomer **********************
03/11/2023 05:48:13 PM: INFO: demologger: ********* login successful *************
03/11/2023 05:48:13 PM: INFO: demologger: ********* login successful *************
03/11/2023 05:48:13 PM: INFO: demologger: ********* login successful *************
03/11/2023 05:48:13 PM: INFO: demologger: ********* login successful *************
03/11/2023 05:48:13 PM: INFO: demologger: ********* login successful *************
03/11/2023 05:48:13 PM: INFO: demologger: ************* starting add customer test *******************
03/11/2023 05:48:13 PM: INFO: demologger: ************* starting add customer test *******************
03/11/2023 05:48:13 PM: INFO: demologger: ************* starting add customer test *******************
03/11/2023 05:48:13 PM: INFO: demologger: ************* starting add customer test *******************
03/11/2023 05:48:13 PM: INFO: demologger: ************* starting add customer test *******************
03/11/2023 05:48:18 PM: INFO: demologger: ************ providing customer info ********************
03/11/2023 05:48:18 PM: INFO: demologger: ************ providing customer info ********************
03/11/2023 05:48:18 PM: INFO: demologger: ************ providing customer info ********************
03/11/2023 05:48:18 PM: INFO: demologger: ************ providing customer info ********************
03/11/2023 05:48:18 PM: INFO: demologger: ************ providing customer info ********************
03/11/2023 05:48:28 PM: INFO: demologger: ************* saving customer info ********************
03/11/2023 05:48:28 PM: INFO: demologger: ************* saving customer info ********************
03/11/2023 05:48:28 PM: INFO: demologger: ************* saving customer info ********************
03/11/2023 05:48:28 PM: INFO: demologger: ************* saving customer info ********************
03/11/2023 05:48:28 PM: INFO: demologger: ************* saving customer info ********************
03/11/2023 05:48:28 PM: INFO: demologger: **************** add customer validation started *********************
03/11/2023 05:48:28 PM: INFO: demologger: **************** add customer validation started *********************
03/11/2023 05:48:28 PM: INFO: demologger: **************** add customer validation started *********************
03/11/2023 05:48:28 PM: INFO: demologger: **************** add customer validation started *********************
03/11/2023 05:48:28 PM: INFO: demologger: **************** add customer validation started *********************
03/11/2023 05:48:28 PM: INFO: demologger: ****** add customer test passed **********
03/11/2023 05:48:28 PM: INFO: demologger: ****** add customer test passed **********
03/11/2023 05:48:28 PM: INFO: demologger: ****** add customer test passed **********
03/11/2023 05:48:28 PM: INFO: demologger: ****** add customer test passed **********
03/11/2023 05:48:28 PM: INFO: demologger: ****** add customer test passed **********
03/11/2023 05:48:29 PM: INFO: demologger: ************** ending home page title test ***********************
03/11/2023 05:48:29 PM: INFO: demologger: ************** ending home page title test ***********************
03/11/2023 05:48:29 PM: INFO: demologger: ************** ending home page title test ***********************
03/11/2023 05:48:29 PM: INFO: demologger: ************** ending home page title test ***********************
03/11/2023 05:48:29 PM: INFO: demologger: ************** ending home page title test ***********************
03/11/2023 05:48:30 PM: INFO: demologger: *****************verifying test login********************
03/11/2023 05:48:30 PM: INFO: demologger: *****************verifying test login********************
03/11/2023 05:48:30 PM: INFO: demologger: *****************verifying test login********************
03/11/2023 05:48:30 PM: INFO: demologger: *****************verifying test login********************
03/11/2023 05:48:30 PM: INFO: demologger: *****************verifying test login********************
03/11/2023 05:48:41 PM: INFO: demologger: *****************test login is passed********************
03/11/2023 05:48:41 PM: INFO: demologger: *****************test login is passed********************
03/11/2023 05:48:41 PM: INFO: demologger: *****************test login is passed********************
03/11/2023 05:48:41 PM: INFO: demologger: *****************test login is passed********************
03/11/2023 05:48:41 PM: INFO: demologger: *****************test login is passed********************
03/11/2023 05:51:39 PM: INFO: demologger: ***************** Test_003_addcustomer **********************
03/11/2023 05:51:39 PM: INFO: demologger: ***************** Test_003_addcustomer **********************
03/11/2023 05:51:39 PM: INFO: demologger: ***************** Test_003_addcustomer **********************
03/11/2023 05:51:39 PM: INFO: demologger: ***************** Test_003_addcustomer **********************
03/11/2023 05:51:39 PM: INFO: demologger: ***************** Test_003_addcustomer **********************
03/11/2023 05:51:46 PM: INFO: demologger: ********* login successful *************
03/11/2023 05:51:46 PM: INFO: demologger: ********* login successful *************
03/11/2023 05:51:46 PM: INFO: demologger: ********* login successful *************
03/11/2023 05:51:46 PM: INFO: demologger: ********* login successful *************
03/11/2023 05:51:46 PM: INFO: demologger: ********* login successful *************
03/11/2023 05:51:46 PM: INFO: demologger: ************* starting add customer test *******************
03/11/2023 05:51:46 PM: INFO: demologger: ************* starting add customer test *******************
03/11/2023 05:51:46 PM: INFO: demologger: ************* starting add customer test *******************
03/11/2023 05:51:46 PM: INFO: demologger: ************* starting add customer test *******************
03/11/2023 05:51:46 PM: INFO: demologger: ************* starting add customer test *******************
03/11/2023 05:51:56 PM: INFO: demologger: ************ providing customer info ********************
03/11/2023 05:51:56 PM: INFO: demologger: ************ providing customer info ********************
03/11/2023 05:51:56 PM: INFO: demologger: ************ providing customer info ********************
03/11/2023 05:51:56 PM: INFO: demologger: ************ providing customer info ********************
03/11/2023 05:51:56 PM: INFO: demologger: ************ providing customer info ********************
03/11/2023 05:52:05 PM: INFO: demologger: ************* saving customer info ********************
03/11/2023 05:52:05 PM: INFO: demologger: ************* saving customer info ********************
03/11/2023 05:52:05 PM: INFO: demologger: ************* saving customer info ********************
03/11/2023 05:52:05 PM: INFO: demologger: ************* saving customer info ********************
03/11/2023 05:52:05 PM: INFO: demologger: ************* saving customer info ********************
03/11/2023 05:52:05 PM: INFO: demologger: **************** add customer validation started *********************
03/11/2023 05:52:05 PM: INFO: demologger: **************** add customer validation started *********************
03/11/2023 05:52:05 PM: INFO: demologger: **************** add customer validation started *********************
03/11/2023 05:52:05 PM: INFO: demologger: **************** add customer validation started *********************
03/11/2023 05:52:05 PM: INFO: demologger: **************** add customer validation started *********************
03/11/2023 05:52:06 PM: INFO: demologger: ****** add customer test passed **********
03/11/2023 05:52:06 PM: INFO: demologger: ****** add customer test passed **********
03/11/2023 05:52:06 PM: INFO: demologger: ****** add customer test passed **********
03/11/2023 05:52:06 PM: INFO: demologger: ****** add customer test passed **********
03/11/2023 05:52:06 PM: INFO: demologger: ****** add customer test passed **********
03/11/2023 05:52:07 PM: INFO: demologger: ************** ending home page title test ***********************
03/11/2023 05:52:07 PM: INFO: demologger: ************** ending home page title test ***********************
03/11/2023 05:52:07 PM: INFO: demologger: ************** ending home page title test ***********************
03/11/2023 05:52:07 PM: INFO: demologger: ************** ending home page title test ***********************
03/11/2023 05:52:07 PM: INFO: demologger: ************** ending home page title test ***********************
03/11/2023 05:52:08 PM: INFO: demologger: *****************verifying test login********************
03/11/2023 05:52:08 PM: INFO: demologger: *****************verifying test login********************
03/11/2023 05:52:08 PM: INFO: demologger: *****************verifying test login********************
03/11/2023 05:52:08 PM: INFO: demologger: *****************verifying test login********************
03/11/2023 05:52:08 PM: INFO: demologger: *****************verifying test login********************
03/11/2023 05:52:16 PM: INFO: demologger: *****************test login is passed********************
03/11/2023 05:52:16 PM: INFO: demologger: *****************test login is passed********************
03/11/2023 05:52:16 PM: INFO: demologger: *****************test login is passed********************
03/11/2023 05:52:16 PM: INFO: demologger: *****************test login is passed********************
03/11/2023 05:52:16 PM: INFO: demologger: *****************test login is passed********************
03/11/2023 05:54:41 PM: INFO: demologger: ***************** Test_003_addcustomer **********************
03/11/2023 05:54:41 PM: INFO: demologger: ***************** Test_003_addcustomer **********************
03/11/2023 05:54:41 PM: INFO: demologger: ***************** Test_003_addcustomer **********************
03/11/2023 05:54:41 PM: INFO: demologger: ***************** Test_003_addcustomer **********************
03/11/2023 05:54:41 PM: INFO: demologger: ***************** Test_003_addcustomer **********************
03/11/2023 05:54:48 PM: INFO: demologger: ********* login successful *************
03/11/2023 05:54:48 PM: INFO: demologger: ********* login successful *************
03/11/2023 05:54:48 PM: INFO: demologger: ********* login successful *************
03/11/2023 05:54:48 PM: INFO: demologger: ********* login successful *************
03/11/2023 05:54:48 PM: INFO: demologger: ********* login successful *************
03/11/2023 05:54:48 PM: INFO: demologger: ************* starting add customer test *******************
03/11/2023 05:54:48 PM: INFO: demologger: ************* starting add customer test *******************
03/11/2023 05:54:48 PM: INFO: demologger: ************* starting add customer test *******************
03/11/2023 05:54:48 PM: INFO: demologger: ************* starting add customer test *******************
03/11/2023 05:54:48 PM: INFO: demologger: ************* starting add customer test *******************
03/11/2023 05:54:52 PM: INFO: demologger: ************ providing customer info ********************
03/11/2023 05:54:52 PM: INFO: demologger: ************ providing customer info ********************
03/11/2023 05:54:52 PM: INFO: demologger: ************ providing customer info ********************
03/11/2023 05:54:52 PM: INFO: demologger: ************ providing customer info ********************
03/11/2023 05:54:52 PM: INFO: demologger: ************ providing customer info ********************
03/11/2023 05:55:02 PM: INFO: demologger: ************* saving customer info ********************
03/11/2023 05:55:02 PM: INFO: demologger: ************* saving customer info ********************
03/11/2023 05:55:02 PM: INFO: demologger: ************* saving customer info ********************
03/11/2023 05:55:02 PM: INFO: demologger: ************* saving customer info ********************
03/11/2023 05:55:02 PM: INFO: demologger: ************* saving customer info ********************
03/11/2023 05:55:02 PM: INFO: demologger: **************** add customer validation started *********************
03/11/2023 05:55:02 PM: INFO: demologger: **************** add customer validation started *********************
03/11/2023 05:55:02 PM: INFO: demologger: **************** add customer validation started *********************
03/11/2023 05:55:02 PM: INFO: demologger: **************** add customer validation started *********************
03/11/2023 05:55:02 PM: INFO: demologger: **************** add customer validation started *********************
03/11/2023 05:55:02 PM: INFO: demologger: ****** add customer test passed **********
03/11/2023 05:55:02 PM: INFO: demologger: ****** add customer test passed **********
03/11/2023 05:55:02 PM: INFO: demologger: ****** add customer test passed **********
03/11/2023 05:55:02 PM: INFO: demologger: ****** add customer test passed **********
03/11/2023 05:55:02 PM: INFO: demologger: ****** add customer test passed **********
03/11/2023 05:55:02 PM: INFO: demologger: ************** ending home page title test ***********************
03/11/2023 05:55:02 PM: INFO: demologger: ************** ending home page title test ***********************
03/11/2023 05:55:02 PM: INFO: demologger: ************** ending home page title test ***********************
03/11/2023 05:55:02 PM: INFO: demologger: ************** ending home page title test ***********************
03/11/2023 05:55:02 PM: INFO: demologger: ************** ending home page title test ***********************
03/11/2023 05:55:04 PM: INFO: demologger: *****************verifying test login********************
03/11/2023 05:55:04 PM: INFO: demologger: *****************verifying test login********************
03/11/2023 05:55:04 PM: INFO: demologger: *****************verifying test login********************
03/11/2023 05:55:04 PM: INFO: demologger: *****************verifying test login********************
03/11/2023 05:55:04 PM: INFO: demologger: *****************verifying test login********************
03/11/2023 05:55:12 PM: INFO: demologger: *****************test login is passed********************
03/11/2023 05:55:12 PM: INFO: demologger: *****************test login is passed********************
03/11/2023 05:55:12 PM: INFO: demologger: *****************test login is passed********************
03/11/2023 05:55:12 PM: INFO: demologger: *****************test login is passed********************
03/11/2023 05:55:12 PM: INFO: demologger: *****************test login is passed********************
03/11/2023 05:55:23 PM: INFO: demologger: ***************** Test_003_addcustomer **********************
03/11/2023 05:55:23 PM: INFO: demologger: ***************** Test_003_addcustomer **********************
03/11/2023 05:55:23 PM: INFO: demologger: ***************** Test_003_addcustomer **********************
03/11/2023 05:55:23 PM: INFO: demologger: ***************** Test_003_addcustomer **********************
03/11/2023 05:55:23 PM: INFO: demologger: ***************** Test_003_addcustomer **********************
03/11/2023 05:55:30 PM: INFO: demologger: ********* login successful *************
03/11/2023 05:55:30 PM: INFO: demologger: ********* login successful *************
03/11/2023 05:55:30 PM: INFO: demologger: ********* login successful *************
03/11/2023 05:55:30 PM: INFO: demologger: ********* login successful *************
03/11/2023 05:55:30 PM: INFO: demologger: ********* login successful *************
03/11/2023 05:55:30 PM: INFO: demologger: ************* starting add customer test *******************
03/11/2023 05:55:30 PM: INFO: demologger: ************* starting add customer test *******************
03/11/2023 05:55:30 PM: INFO: demologger: ************* starting add customer test *******************
03/11/2023 05:55:30 PM: INFO: demologger: ************* starting add customer test *******************
03/11/2023 05:55:30 PM: INFO: demologger: ************* starting add customer test *******************
03/11/2023 05:55:39 PM: INFO: demologger: *****************verifying test login********************
03/11/2023 05:55:39 PM: INFO: demologger: *****************verifying test login********************
03/11/2023 05:55:39 PM: INFO: demologger: *****************verifying test login********************
03/11/2023 05:55:39 PM: INFO: demologger: *****************verifying test login********************
03/11/2023 05:55:39 PM: INFO: demologger: *****************verifying test login********************
03/11/2023 05:55:48 PM: INFO: demologger: *****************test login is passed********************
03/11/2023 05:55:48 PM: INFO: demologger: *****************test login is passed********************
03/11/2023 05:55:48 PM: INFO: demologger: *****************test login is passed********************
03/11/2023 05:55:48 PM: INFO: demologger: *****************test login is passed********************
03/11/2023 05:55:48 PM: INFO: demologger: *****************test login is passed********************
03/11/2023 05:56:45 PM: INFO: demologger: ***************** Test_003_addcustomer **********************
03/11/2023 05:56:45 PM: INFO: demologger: ***************** Test_003_addcustomer **********************
03/11/2023 05:56:45 PM: INFO: demologger: ***************** Test_003_addcustomer **********************
03/11/2023 05:56:45 PM: INFO: demologger: ***************** Test_003_addcustomer **********************
03/11/2023 05:56:45 PM: INFO: demologger: ***************** Test_003_addcustomer **********************
03/11/2023 05:56:53 PM: INFO: demologger: ********* login successful *************
03/11/2023 05:56:53 PM: INFO: demologger: ********* login successful *************
03/11/2023 05:56:53 PM: INFO: demologger: ********* login successful *************
03/11/2023 05:56:53 PM: INFO: demologger: ********* login successful *************
03/11/2023 05:56:53 PM: INFO: demologger: ********* login successful *************
03/11/2023 05:56:53 PM: INFO: demologger: ************* starting add customer test *******************
03/11/2023 05:56:53 PM: INFO: demologger: ************* starting add customer test *******************
03/11/2023 05:56:53 PM: INFO: demologger: ************* starting add customer test *******************
03/11/2023 05:56:53 PM: INFO: demologger: ************* starting add customer test *******************
03/11/2023 05:56:53 PM: INFO: demologger: ************* starting add customer test *******************
03/11/2023 05:56:57 PM: INFO: demologger: ************ providing customer info ********************
03/11/2023 05:56:57 PM: INFO: demologger: ************ providing customer info ********************
03/11/2023 05:56:57 PM: INFO: demologger: ************ providing customer info ********************
03/11/2023 05:56:57 PM: INFO: demologger: ************ providing customer info ********************
03/11/2023 05:56:57 PM: INFO: demologger: ************ providing customer info ********************
03/11/2023 05:57:06 PM: INFO: demologger: ************* saving customer info ********************
03/11/2023 05:57:06 PM: INFO: demologger: ************* saving customer info ********************
03/11/2023 05:57:06 PM: INFO: demologger: ************* saving customer info ********************
03/11/2023 05:57:06 PM: INFO: demologger: ************* saving customer info ********************
03/11/2023 05:57:06 PM: INFO: demologger: ************* saving customer info ********************
03/11/2023 05:57:06 PM: INFO: demologger: **************** add customer validation started *********************
03/11/2023 05:57:06 PM: INFO: demologger: **************** add customer validation started *********************
03/11/2023 05:57:06 PM: INFO: demologger: **************** add customer validation started *********************
03/11/2023 05:57:06 PM: INFO: demologger: **************** add customer validation started *********************
03/11/2023 05:57:06 PM: INFO: demologger: **************** add customer validation started *********************
03/11/2023 05:57:07 PM: INFO: demologger: ****** add customer test passed **********
03/11/2023 05:57:07 PM: INFO: demologger: ****** add customer test passed **********
03/11/2023 05:57:07 PM: INFO: demologger: ****** add customer test passed **********
03/11/2023 05:57:07 PM: INFO: demologger: ****** add customer test passed **********
03/11/2023 05:57:07 PM: INFO: demologger: ****** add customer test passed **********
03/11/2023 05:57:07 PM: INFO: demologger: ************** ending home page title test ***********************
03/11/2023 05:57:07 PM: INFO: demologger: ************** ending home page title test ***********************
03/11/2023 05:57:07 PM: INFO: demologger: ************** ending home page title test ***********************
03/11/2023 05:57:07 PM: INFO: demologger: ************** ending home page title test ***********************
03/11/2023 05:57:07 PM: INFO: demologger: ************** ending home page title test ***********************
03/11/2023 05:57:09 PM: INFO: demologger: *****************verifying test login********************
03/11/2023 05:57:09 PM: INFO: demologger: *****************verifying test login********************
03/11/2023 05:57:09 PM: INFO: demologger: *****************verifying test login********************
03/11/2023 05:57:09 PM: INFO: demologger: *****************verifying test login********************
03/11/2023 05:57:09 PM: INFO: demologger: *****************verifying test login********************
03/11/2023 05:57:21 PM: INFO: demologger: ***************** Test_003_addcustomer **********************
03/11/2023 05:57:21 PM: INFO: demologger: ***************** Test_003_addcustomer **********************
03/11/2023 05:57:21 PM: INFO: demologger: ***************** Test_003_addcustomer **********************
03/11/2023 05:57:21 PM: INFO: demologger: ***************** Test_003_addcustomer **********************
03/11/2023 05:57:21 PM: INFO: demologger: ***************** Test_003_addcustomer **********************
03/11/2023 05:57:27 PM: INFO: demologger: ********* login successful *************
03/11/2023 05:57:27 PM: INFO: demologger: ********* login successful *************
03/11/2023 05:57:27 PM: INFO: demologger: ********* login successful *************
03/11/2023 05:57:27 PM: INFO: demologger: ********* login successful *************
03/11/2023 05:57:27 PM: INFO: demologger: ********* login successful *************
03/11/2023 05:57:27 PM: INFO: demologger: ************* starting add customer test *******************
03/11/2023 05:57:27 PM: INFO: demologger: ************* starting add customer test *******************
03/11/2023 05:57:27 PM: INFO: demologger: ************* starting add customer test *******************
03/11/2023 05:57:27 PM: INFO: demologger: ************* starting add customer test *******************
03/11/2023 05:57:27 PM: INFO: demologger: ************* starting add customer test *******************
03/11/2023 05:57:37 PM: INFO: demologger: *****************verifying test login********************
03/11/2023 05:57:37 PM: INFO: demologger: *****************verifying test login********************
03/11/2023 05:57:37 PM: INFO: demologger: *****************verifying test login********************
03/11/2023 05:57:37 PM: INFO: demologger: *****************verifying test login********************
03/11/2023 05:57:37 PM: INFO: demologger: *****************verifying test login********************
03/11/2023 05:57:44 PM: INFO: demologger: *****************test login is passed********************
03/11/2023 05:57:44 PM: INFO: demologger: *****************test login is passed********************
03/11/2023 05:57:44 PM: INFO: demologger: *****************test login is passed********************
03/11/2023 05:57:44 PM: INFO: demologger: *****************test login is passed********************
03/11/2023 05:57:44 PM: INFO: demologger: *****************test login is passed********************
03/11/2023 05:58:46 PM: INFO: demologger: ***************** Test_003_addcustomer **********************
03/11/2023 05:58:46 PM: INFO: demologger: ***************** Test_003_addcustomer **********************
03/11/2023 05:58:46 PM: INFO: demologger: ***************** Test_003_addcustomer **********************
03/11/2023 05:58:46 PM: INFO: demologger: ***************** Test_003_addcustomer **********************
03/11/2023 05:58:46 PM: INFO: demologger: ***************** Test_003_addcustomer **********************
03/11/2023 05:58:54 PM: INFO: demologger: ********* login successful *************
03/11/2023 05:58:54 PM: INFO: demologger: ********* login successful *************
03/11/2023 05:58:54 PM: INFO: demologger: ********* login successful *************
03/11/2023 05:58:54 PM: INFO: demologger: ********* login successful *************
03/11/2023 05:58:54 PM: INFO: demologger: ********* login successful *************
03/11/2023 05:58:54 PM: INFO: demologger: ************* starting add customer test *******************
03/11/2023 05:58:54 PM: INFO: demologger: ************* starting add customer test *******************
03/11/2023 05:58:54 PM: INFO: demologger: ************* starting add customer test *******************
03/11/2023 05:58:54 PM: INFO: demologger: ************* starting add customer test *******************
03/11/2023 05:58:54 PM: INFO: demologger: ************* starting add customer test *******************
03/11/2023 05:58:59 PM: INFO: demologger: ************ providing customer info ********************
03/11/2023 05:58:59 PM: INFO: demologger: ************ providing customer info ********************
03/11/2023 05:58:59 PM: INFO: demologger: ************ providing customer info ********************
03/11/2023 05:58:59 PM: INFO: demologger: ************ providing customer info ********************
03/11/2023 05:58:59 PM: INFO: demologger: ************ providing customer info ********************
03/11/2023 05:59:09 PM: INFO: demologger: ************* saving customer info ********************
03/11/2023 05:59:09 PM: INFO: demologger: ************* saving customer info ********************
03/11/2023 05:59:09 PM: INFO: demologger: ************* saving customer info ********************
03/11/2023 05:59:09 PM: INFO: demologger: ************* saving customer info ********************
03/11/2023 05:59:09 PM: INFO: demologger: ************* saving customer info ********************
03/11/2023 05:59:09 PM: INFO: demologger: **************** add customer validation started *********************
03/11/2023 05:59:09 PM: INFO: demologger: **************** add customer validation started *********************
03/11/2023 05:59:09 PM: INFO: demologger: **************** add customer validation started *********************
03/11/2023 05:59:09 PM: INFO: demologger: **************** add customer validation started *********************
03/11/2023 05:59:09 PM: INFO: demologger: **************** add customer validation started *********************
03/11/2023 05:59:10 PM: INFO: demologger: ****** add customer test passed **********
03/11/2023 05:59:10 PM: INFO: demologger: ****** add customer test passed **********
03/11/2023 05:59:10 PM: INFO: demologger: ****** add customer test passed **********
03/11/2023 05:59:10 PM: INFO: demologger: ****** add customer test passed **********
03/11/2023 05:59:10 PM: INFO: demologger: ****** add customer test passed **********
03/11/2023 05:59:10 PM: INFO: demologger: ************** ending home page title test ***********************
03/11/2023 05:59:10 PM: INFO: demologger: ************** ending home page title test ***********************
03/11/2023 05:59:10 PM: INFO: demologger: ************** ending home page title test ***********************
03/11/2023 05:59:10 PM: INFO: demologger: ************** ending home page title test ***********************
03/11/2023 05:59:10 PM: INFO: demologger: ************** ending home page title test ***********************
03/11/2023 05:59:12 PM: INFO: demologger: *****************verifying test login********************
03/11/2023 05:59:12 PM: INFO: demologger: *****************verifying test login********************
03/11/2023 05:59:12 PM: INFO: demologger: *****************verifying test login********************
03/11/2023 05:59:12 PM: INFO: demologger: *****************verifying test login********************
03/11/2023 05:59:12 PM: INFO: demologger: *****************verifying test login********************
03/11/2023 05:59:20 PM: INFO: demologger: *****************test login is passed********************
03/11/2023 05:59:20 PM: INFO: demologger: *****************test login is passed********************
03/11/2023 05:59:20 PM: INFO: demologger: *****************test login is passed********************
03/11/2023 05:59:20 PM: INFO: demologger: *****************test login is passed********************
03/11/2023 05:59:20 PM: INFO: demologger: *****************test login is passed********************
03/11/2023 05:59:35 PM: INFO: demologger: ***************** Test_003_addcustomer **********************
03/11/2023 05:59:35 PM: INFO: demologger: ***************** Test_003_addcustomer **********************
03/11/2023 05:59:35 PM: INFO: demologger: ***************** Test_003_addcustomer **********************
03/11/2023 05:59:35 PM: INFO: demologger: ***************** Test_003_addcustomer **********************
03/11/2023 05:59:35 PM: INFO: demologger: ***************** Test_003_addcustomer **********************
03/11/2023 05:59:44 PM: INFO: demologger: *****************verifying test login********************
03/11/2023 05:59:44 PM: INFO: demologger: *****************verifying test login********************
03/11/2023 05:59:44 PM: INFO: demologger: *****************verifying test login********************
03/11/2023 05:59:44 PM: INFO: demologger: *****************verifying test login********************
03/11/2023 05:59:44 PM: INFO: demologger: *****************verifying test login********************
03/11/2023 05:59:55 PM: INFO: demologger: *****************test login is passed********************
03/11/2023 05:59:55 PM: INFO: demologger: *****************test login is passed********************
03/11/2023 05:59:55 PM: INFO: demologger: *****************test login is passed********************
03/11/2023 05:59:55 PM: INFO: demologger: *****************test login is passed********************
03/11/2023 05:59:55 PM: INFO: demologger: *****************test login is passed********************
04/11/2023 01:45:07 AM: INFO: demologger: ***************** Test_003_addcustomer **********************
04/11/2023 01:45:07 AM: INFO: demologger: ***************** Test_003_addcustomer **********************
04/11/2023 01:45:07 AM: INFO: demologger: ***************** Test_003_addcustomer **********************
04/11/2023 01:45:07 AM: INFO: demologger: ***************** Test_003_addcustomer **********************
04/11/2023 01:45:07 AM: INFO: demologger: ***************** Test_003_addcustomer **********************
04/11/2023 01:45:16 AM: INFO: demologger: ********* login successful *************
04/11/2023 01:45:16 AM: INFO: demologger: ********* login successful *************
04/11/2023 01:45:16 AM: INFO: demologger: ********* login successful *************
04/11/2023 01:45:16 AM: INFO: demologger: ********* login successful *************
04/11/2023 01:45:16 AM: INFO: demologger: ********* login successful *************
04/11/2023 01:45:16 AM: INFO: demologger: ************* starting add customer test *******************
04/11/2023 01:45:16 AM: INFO: demologger: ************* starting add customer test *******************
04/11/2023 01:45:16 AM: INFO: demologger: ************* starting add customer test *******************
04/11/2023 01:45:16 AM: INFO: demologger: ************* starting add customer test *******************
04/11/2023 01:45:16 AM: INFO: demologger: ************* starting add customer test *******************
04/11/2023 01:45:21 AM: INFO: demologger: ************ providing customer info ********************
04/11/2023 01:45:21 AM: INFO: demologger: ************ providing customer info ********************
04/11/2023 01:45:21 AM: INFO: demologger: ************ providing customer info ********************
04/11/2023 01:45:21 AM: INFO: demologger: ************ providing customer info ********************
04/11/2023 01:45:21 AM: INFO: demologger: ************ providing customer info ********************
04/11/2023 01:45:32 AM: INFO: demologger: ************* saving customer info ********************
04/11/2023 01:45:32 AM: INFO: demologger: ************* saving customer info ********************
04/11/2023 01:45:32 AM: INFO: demologger: ************* saving customer info ********************
04/11/2023 01:45:32 AM: INFO: demologger: ************* saving customer info ********************
04/11/2023 01:45:32 AM: INFO: demologger: ************* saving customer info ********************
04/11/2023 01:45:32 AM: INFO: demologger: **************** add customer validation started *********************
04/11/2023 01:45:32 AM: INFO: demologger: **************** add customer validation started *********************
04/11/2023 01:45:32 AM: INFO: demologger: **************** add customer validation started *********************
04/11/2023 01:45:32 AM: INFO: demologger: **************** add customer validation started *********************
04/11/2023 01:45:32 AM: INFO: demologger: **************** add customer validation started *********************
04/11/2023 01:45:32 AM: INFO: demologger: ****** add customer test passed **********
04/11/2023 01:45:32 AM: INFO: demologger: ****** add customer test passed **********
04/11/2023 01:45:32 AM: INFO: demologger: ****** add customer test passed **********
04/11/2023 01:45:32 AM: INFO: demologger: ****** add customer test passed **********
04/11/2023 01:45:32 AM: INFO: demologger: ****** add customer test passed **********
04/11/2023 01:45:32 AM: INFO: demologger: ************** ending home page title test ***********************
04/11/2023 01:45:32 AM: INFO: demologger: ************** ending home page title test ***********************
04/11/2023 01:45:32 AM: INFO: demologger: ************** ending home page title test ***********************
04/11/2023 01:45:32 AM: INFO: demologger: ************** ending home page title test ***********************
04/11/2023 01:45:32 AM: INFO: demologger: ************** ending home page title test ***********************
04/11/2023 01:45:35 AM: INFO: demologger: *****************verifying test login********************
04/11/2023 01:45:35 AM: INFO: demologger: *****************verifying test login********************
04/11/2023 01:45:35 AM: INFO: demologger: *****************verifying test login********************
04/11/2023 01:45:35 AM: INFO: demologger: *****************verifying test login********************
04/11/2023 01:45:35 AM: INFO: demologger: *****************verifying test login********************
04/11/2023 01:45:43 AM: INFO: demologger: *****************test login is passed********************
04/11/2023 01:45:43 AM: INFO: demologger: *****************test login is passed********************
04/11/2023 01:45:43 AM: INFO: demologger: *****************test login is passed********************
04/11/2023 01:45:43 AM: INFO: demologger: *****************test login is passed********************
04/11/2023 01:45:43 AM: INFO: demologger: *****************test login is passed********************
04/11/2023 01:48:31 AM: INFO: demologger: ***************** Test_003_addcustomer **********************
04/11/2023 01:48:31 AM: INFO: demologger: ***************** Test_003_addcustomer **********************
04/11/2023 01:48:31 AM: INFO: demologger: ***************** Test_003_addcustomer **********************
04/11/2023 01:48:31 AM: INFO: demologger: ***************** Test_003_addcustomer **********************
04/11/2023 01:48:31 AM: INFO: demologger: ***************** Test_003_addcustomer **********************
04/11/2023 01:48:38 AM: INFO: demologger: ********* login successful *************
04/11/2023 01:48:38 AM: INFO: demologger: ********* login successful *************
04/11/2023 01:48:38 AM: INFO: demologger: ********* login successful *************
04/11/2023 01:48:38 AM: INFO: demologger: ********* login successful *************
04/11/2023 01:48:38 AM: INFO: demologger: ********* login successful *************
04/11/2023 01:48:38 AM: INFO: demologger: ************* starting add customer test *******************
04/11/2023 01:48:38 AM: INFO: demologger: ************* starting add customer test *******************
04/11/2023 01:48:38 AM: INFO: demologger: ************* starting add customer test *******************
04/11/2023 01:48:38 AM: INFO: demologger: ************* starting add customer test *******************
04/11/2023 01:48:38 AM: INFO: demologger: ************* starting add customer test *******************
04/11/2023 01:48:42 AM: INFO: demologger: ************ providing customer info ********************
04/11/2023 01:48:42 AM: INFO: demologger: ************ providing customer info ********************
04/11/2023 01:48:42 AM: INFO: demologger: ************ providing customer info ********************
04/11/2023 01:48:42 AM: INFO: demologger: ************ providing customer info ********************
04/11/2023 01:48:42 AM: INFO: demologger: ************ providing customer info ********************
04/11/2023 01:48:52 AM: INFO: demologger: ************* saving customer info ********************
04/11/2023 01:48:52 AM: INFO: demologger: ************* saving customer info ********************
04/11/2023 01:48:52 AM: INFO: demologger: ************* saving customer info ********************
04/11/2023 01:48:52 AM: INFO: demologger: ************* saving customer info ********************
04/11/2023 01:48:52 AM: INFO: demologger: ************* saving customer info ********************
04/11/2023 01:48:52 AM: INFO: demologger: **************** add customer validation started *********************
04/11/2023 01:48:52 AM: INFO: demologger: **************** add customer validation started *********************
04/11/2023 01:48:52 AM: INFO: demologger: **************** add customer validation started *********************
04/11/2023 01:48:52 AM: INFO: demologger: **************** add customer validation started *********************
04/11/2023 01:48:52 AM: INFO: demologger: **************** add customer validation started *********************
04/11/2023 01:48:52 AM: INFO: demologger: ****** add customer test passed **********
04/11/2023 01:48:52 AM: INFO: demologger: ****** add customer test passed **********
04/11/2023 01:48:52 AM: INFO: demologger: ****** add customer test passed **********
04/11/2023 01:48:52 AM: INFO: demologger: ****** add customer test passed **********
04/11/2023 01:48:52 AM: INFO: demologger: ****** add customer test passed **********
04/11/2023 01:48:52 AM: INFO: demologger: ************** ending home page title test ***********************
04/11/2023 01:48:52 AM: INFO: demologger: ************** ending home page title test ***********************
04/11/2023 01:48:52 AM: INFO: demologger: ************** ending home page title test ***********************
04/11/2023 01:48:52 AM: INFO: demologger: ************** ending home page title test ***********************
04/11/2023 01:48:52 AM: INFO: demologger: ************** ending home page title test ***********************
04/11/2023 01:48:54 AM: INFO: demologger: *****************verifying test login********************
04/11/2023 01:48:54 AM: INFO: demologger: *****************verifying test login********************
04/11/2023 01:48:54 AM: INFO: demologger: *****************verifying test login********************
04/11/2023 01:48:54 AM: INFO: demologger: *****************verifying test login********************
04/11/2023 01:48:54 AM: INFO: demologger: *****************verifying test login********************
04/11/2023 01:49:03 AM: INFO: demologger: *****************test login is passed********************
04/11/2023 01:49:03 AM: INFO: demologger: *****************test login is passed********************
04/11/2023 01:49:03 AM: INFO: demologger: *****************test login is passed********************
04/11/2023 01:49:03 AM: INFO: demologger: *****************test login is passed********************
04/11/2023 01:49:03 AM: INFO: demologger: *****************test login is passed********************
